--------------------------------------------------------------------------------
Release 14.7 Trace  (nt64)
Copyright (c) 1995-2013 Xilinx, Inc.  All rights reserved.

C:\Xilinx\14.7\ISE_DS\ISE\bin\nt64\unwrapped\trce.exe -intstyle ise -v 3 -s 4
-n 3 -fastpaths -xml Counter.twx Counter.ncd -o Counter.twr Counter.pcf

Design file:              Counter.ncd
Physical constraint file: Counter.pcf
Device,package,speed:     xc3s250e,tq144,-4 (PRODUCTION 1.27 2013-10-13)
Report level:             verbose report

Environment Variable      Effect 
--------------------      ------ 
NONE                      No environment variables were set
--------------------------------------------------------------------------------

INFO:Timing:2698 - No timing constraints found, doing default enumeration.
INFO:Timing:3412 - To improve timing, see the Timing Closure User Guide (UG612).
INFO:Timing:2752 - To get complete path coverage, use the unconstrained paths 
   option. All paths that are not constrained will be reported in the 
   unconstrained paths section(s) of the report.
INFO:Timing:3339 - The clock-to-out numbers in this timing report are based on 
   a 50 Ohm transmission line loading model.  For the details of this model, 
   and for more information on accounting for different loading conditions, 
   please see the device datasheet.
INFO:Timing:3390 - This architecture does not support a default System Jitter 
   value, please add SYSTEM_JITTER constraint to the UCF to modify the Clock 
   Uncertainty calculation.
INFO:Timing:3389 - This architecture does not support 'Discrete Jitter' and 
   'Phase Error' calculations, these terms will be zero in the Clock 
   Uncertainty calculation.  Please make appropriate modification to 
   SYSTEM_JITTER to account for the unsupported Discrete Jitter and Phase 
   Error.



Data Sheet report:
-----------------
All values displayed in nanoseconds (ns)

Setup/Hold to clock enable
------------+------------+------------+------------------+--------+
            |Max Setup to|Max Hold to |                  | Clock  |
Source      | clk (edge) | clk (edge) |Internal Clock(s) | Phase  |
------------+------------+------------+------------------+--------+
reset       |    1.928(F)|    1.102(F)|enable_IBUF       |   0.000|
------------+------------+------------+------------------+--------+

Clock enable to Pad
------------+------------+------------------+--------+
            | clk (edge) |                  | Clock  |
Destination |   to PAD   |Internal Clock(s) | Phase  |
------------+------------+------------------+--------+
LD0         |    6.111(F)|enable_IBUF       |   0.000|
LD1         |    6.102(F)|enable_IBUF       |   0.000|
LD2         |    6.111(F)|enable_IBUF       |   0.000|
LD3         |    6.111(F)|enable_IBUF       |   0.000|
LD4         |    6.114(F)|enable_IBUF       |   0.000|
LD5         |    6.115(F)|enable_IBUF       |   0.000|
LD6         |    6.111(F)|enable_IBUF       |   0.000|
LD7         |    6.102(F)|enable_IBUF       |   0.000|
------------+------------+------------------+--------+

Clock to Setup on destination clock enable
---------------+---------+---------+---------+---------+
               | Src:Rise| Src:Fall| Src:Rise| Src:Fall|
Source Clock   |Dest:Rise|Dest:Rise|Dest:Fall|Dest:Fall|
---------------+---------+---------+---------+---------+
in             |         |         |    3.070|         |
---------------+---------+---------+---------+---------+

Clock to Setup on destination clock in
---------------+---------+---------+---------+---------+
               | Src:Rise| Src:Fall| Src:Rise| Src:Fall|
Source Clock   |Dest:Rise|Dest:Rise|Dest:Fall|Dest:Fall|
---------------+---------+---------+---------+---------+
enable         |    0.863|    0.863|         |         |
in             |    3.407|         |         |         |
---------------+---------+---------+---------+---------+


Analysis completed Mon Mar 27 15:27:55 2017 
--------------------------------------------------------------------------------

Trace Settings:
-------------------------
Trace Settings 

Peak Memory Usage: 172 MB



