Running: C:\Xilinx\14.7\ISE_DS\ISE\bin\nt64\unwrapped\fuse.exe -intstyle ise -incremental -lib unisims_ver -lib unimacro_ver -lib xilinxcorelib_ver -o C:/Users/Saulo Mendes/Documents/Nova pasta/RingOsc/Counting_Circ_tb_isim_beh.exe -prj C:/Users/Saulo Mendes/Documents/Nova pasta/RingOsc/Counting_Circ_tb_beh.prj work.Counting_Circ_tb work.glbl 
ISim P.20131013 (signature 0x7708f090)
Number of CPUs detected in this system: 4
Turning on mult-threading, number of parallel sub-compilation jobs: 8 
Determining compilation order of HDL files
Analyzing Verilog file "C:/Users/Saulo Mendes/Documents/Nova pasta/RingOsc/Counter.v" into library work
Analyzing Verilog file "C:/Users/Saulo Mendes/Documents/Nova pasta/RingOsc/Counting_circuit.v" into library work
Analyzing Verilog file "C:/Users/Saulo Mendes/Documents/Nova pasta/RingOsc/Counting_Circ_tb.v" into library work
Analyzing Verilog file "C:/Xilinx/14.7/ISE_DS/ISE//verilog/src/glbl.v" into library work
Starting static elaboration
Completed static elaboration
Compiling module nBitCounter
Compiling module Counting_circuit
Compiling module Counting_Circ_tb
Compiling module glbl
Time Resolution for simulation is 1ps.
Waiting for 1 sub-compilation(s) to finish...
WARNING:Simulator - Unable to copy libPortabilityNOSH.dll to the simulation executable directory: boost::filesystem::copy_file: O sistema não pode encontrar o caminho especificado, "isim\Counting_Circ_tb_isim_beh.exe.sim\libPortability.dll".
Compiled 4 Verilog Units
Built simulation executable C:/Users/Saulo Mendes/Documents/Nova pasta/RingOsc/Counting_Circ_tb_isim_beh.exe
Fuse Memory Usage: 27380 KB
Fuse CPU Usage: 655 ms
