Release 14.7 - xst P.20131013 (nt64)
Copyright (c) 1995-2013 Xilinx, Inc.  All rights reserved.
--> Parameter TMPDIR set to xst/projnav.tmp


Total REAL time to Xst completion: 1.00 secs
Total CPU time to Xst completion: 0.13 secs
 
--> Parameter xsthdpdir set to xst


Total REAL time to Xst completion: 1.00 secs
Total CPU time to Xst completion: 0.13 secs
 
--> Reading design: TopModule.prj

TABLE OF CONTENTS
  1) Synthesis Options Summary
  2) HDL Compilation
  3) Design Hierarchy Analysis
  4) HDL Analysis
  5) HDL Synthesis
     5.1) HDL Synthesis Report
  6) Advanced HDL Synthesis
     6.1) Advanced HDL Synthesis Report
  7) Low Level Synthesis
  8) Partition Report
  9) Final Report
	9.1) Device utilization summary
	9.2) Partition Resource Summary
	9.3) TIMING REPORT


=========================================================================
*                      Synthesis Options Summary                        *
=========================================================================
---- Source Parameters
Input File Name                    : "TopModule.prj"
Input Format                       : mixed
Ignore Synthesis Constraint File   : NO

---- Target Parameters
Output File Name                   : "TopModule"
Output Format                      : NGC
Target Device                      : xc3s250e-4-tq144

---- Source Options
Top Module Name                    : TopModule
Automatic FSM Extraction           : YES
FSM Encoding Algorithm             : Auto
Safe Implementation                : No
FSM Style                          : LUT
RAM Extraction                     : Yes
RAM Style                          : Auto
ROM Extraction                     : Yes
Mux Style                          : Auto
Decoder Extraction                 : YES
Priority Encoder Extraction        : Yes
Shift Register Extraction          : YES
Logical Shifter Extraction         : YES
XOR Collapsing                     : YES
ROM Style                          : Auto
Mux Extraction                     : Yes
Resource Sharing                   : YES
Asynchronous To Synchronous        : NO
Multiplier Style                   : Auto
Automatic Register Balancing       : No

---- Target Options
Add IO Buffers                     : YES
Global Maximum Fanout              : 100000
Add Generic Clock Buffer(BUFG)     : 24
Register Duplication               : YES
Slice Packing                      : YES
Optimize Instantiated Primitives   : NO
Use Clock Enable                   : Yes
Use Synchronous Set                : Yes
Use Synchronous Reset              : Yes
Pack IO Registers into IOBs        : Auto
Equivalent register Removal        : YES

---- General Options
Optimization Goal                  : Speed
Optimization Effort                : 1
Keep Hierarchy                     : No
Netlist Hierarchy                  : As_Optimized
RTL Output                         : Yes
Global Optimization                : AllClockNets
Read Cores                         : YES
Write Timing Constraints           : NO
Cross Clock Analysis               : NO
Hierarchy Separator                : /
Bus Delimiter                      : <>
Case Specifier                     : Maintain
Slice Utilization Ratio            : 100
BRAM Utilization Ratio             : 100
Verilog 2001                       : YES
Auto BRAM Packing                  : NO
Slice Utilization Ratio Delta      : 5

=========================================================================


=========================================================================
*                          HDL Compilation                              *
=========================================================================
Compiling verilog file "Counter.v" in library work
Compiling verilog file "TopModule.v" in library work
Module <Counter> compiled
Module <TopModule> compiled
No errors in compilation
Analysis of file <"TopModule.prj"> succeeded.
 

=========================================================================
*                     Design Hierarchy Analysis                         *
=========================================================================
Analyzing hierarchy for module <TopModule> in library <work>.

Analyzing hierarchy for module <Counter> in library <work>.


=========================================================================
*                            HDL Analysis                               *
=========================================================================
Analyzing top module <TopModule>.
Module <TopModule> is correct for synthesis.
 
Analyzing module <Counter> in library <work>.
Module <Counter> is correct for synthesis.
 

=========================================================================
*                           HDL Synthesis                               *
=========================================================================

Performing bidirectional port resolution...

Synthesizing Unit <Counter>.
    Related source file is "Counter.v".
    Found 8-bit up counter for signal <out>.
    Summary:
	inferred   1 Counter(s).
Unit <Counter> synthesized.


Synthesizing Unit <TopModule>.
    Related source file is "TopModule.v".
WARNING:Xst:737 - Found 1-bit latch for signal <LD0>. Latches may be generated from incomplete case or if statements. We do not recommend the use of latches in FPGA/CPLD designs, as they may lead to timing problems.
WARNING:Xst:737 - Found 1-bit latch for signal <LD1>. Latches may be generated from incomplete case or if statements. We do not recommend the use of latches in FPGA/CPLD designs, as they may lead to timing problems.
WARNING:Xst:737 - Found 1-bit latch for signal <LD2>. Latches may be generated from incomplete case or if statements. We do not recommend the use of latches in FPGA/CPLD designs, as they may lead to timing problems.
WARNING:Xst:737 - Found 1-bit latch for signal <LD3>. Latches may be generated from incomplete case or if statements. We do not recommend the use of latches in FPGA/CPLD designs, as they may lead to timing problems.
WARNING:Xst:737 - Found 1-bit latch for signal <LD4>. Latches may be generated from incomplete case or if statements. We do not recommend the use of latches in FPGA/CPLD designs, as they may lead to timing problems.
WARNING:Xst:737 - Found 1-bit latch for signal <LD5>. Latches may be generated from incomplete case or if statements. We do not recommend the use of latches in FPGA/CPLD designs, as they may lead to timing problems.
WARNING:Xst:737 - Found 1-bit latch for signal <LD6>. Latches may be generated from incomplete case or if statements. We do not recommend the use of latches in FPGA/CPLD designs, as they may lead to timing problems.
WARNING:Xst:737 - Found 1-bit latch for signal <LD7>. Latches may be generated from incomplete case or if statements. We do not recommend the use of latches in FPGA/CPLD designs, as they may lead to timing problems.
    Found 1-bit register for signal <rst>.
    Summary:
	inferred   1 D-type flip-flop(s).
Unit <TopModule> synthesized.


=========================================================================
HDL Synthesis Report

Macro Statistics
# Counters                                             : 2
 8-bit up counter                                      : 2
# Registers                                            : 1
 1-bit register                                        : 1
# Latches                                              : 8
 1-bit latch                                           : 8

=========================================================================

=========================================================================
*                       Advanced HDL Synthesis                          *
=========================================================================


=========================================================================
Advanced HDL Synthesis Report

Macro Statistics
# Counters                                             : 2
 8-bit up counter                                      : 2
# Registers                                            : 1
 Flip-Flops                                            : 1
# Latches                                              : 8
 1-bit latch                                           : 8

=========================================================================

=========================================================================
*                         Low Level Synthesis                           *
=========================================================================

Optimizing unit <TopModule> ...

Mapping all equations...
Building and optimizing final netlist ...
Found area constraint ratio of 100 (+ 5) on block TopModule, actual ratio is 0.

Final Macro Processing ...

=========================================================================
Final Register Report

Macro Statistics
# Registers                                            : 17
 Flip-Flops                                            : 17

=========================================================================

=========================================================================
*                           Partition Report                            *
=========================================================================

Partition Implementation Status
-------------------------------

  No Partitions were found in this design.

-------------------------------

=========================================================================
*                            Final Report                               *
=========================================================================
Final Results
RTL Top Level Output File Name     : TopModule.ngr
Top Level Output File Name         : TopModule
Output Format                      : NGC
Optimization Goal                  : Speed
Keep Hierarchy                     : No

Design Statistics
# IOs                              : 11

Cell Usage :
# BELS                             : 52
#      GND                         : 1
#      INV                         : 2
#      LUT1                        : 14
#      LUT2                        : 2
#      LUT4                        : 2
#      MUXCY                       : 14
#      VCC                         : 1
#      XORCY                       : 16
# FlipFlops/Latches                : 25
#      FDCE                        : 16
#      FDR                         : 1
#      LD                          : 8
# Clock Buffers                    : 3
#      BUFGP                       : 3
# IO Buffers                       : 8
#      OBUF                        : 8
=========================================================================

Device utilization summary:
---------------------------

Selected Device : 3s250etq144-4 

 Number of Slices:                       11  out of   2448     0%  
 Number of Slice Flip Flops:             17  out of   4896     0%  
 Number of 4 input LUTs:                 20  out of   4896     0%  
 Number of IOs:                          11
 Number of bonded IOBs:                  11  out of    108    10%  
    IOB Flip Flops:                       8
 Number of GCLKs:                         3  out of     24    12%  

---------------------------
Partition Resource Summary:
---------------------------

  No Partitions were found in this design.

---------------------------


=========================================================================
TIMING REPORT

NOTE: THESE TIMING NUMBERS ARE ONLY A SYNTHESIS ESTIMATE.
      FOR ACCURATE TIMING INFORMATION PLEASE REFER TO THE TRACE REPORT
      GENERATED AFTER PLACE-and-ROUTE.

Clock Information:
------------------
-----------------------------------+------------------------+-------+
Clock Signal                       | Clock buffer(FF name)  | Load  |
-----------------------------------+------------------------+-------+
clk                                | BUFGP                  | 1     |
LD0_cmp_eq0000(LD0_cmp_eq000024:O) | NONE(*)(LD7)           | 8     |
C2                                 | BUFGP                  | 8     |
C1                                 | BUFGP                  | 8     |
-----------------------------------+------------------------+-------+
(*) This 1 clock signal(s) are generated by combinatorial logic,
and XST is not able to identify which are the primary clock signals.
Please use the CLOCK_SIGNAL constraint to specify the clock signal(s) generated by combinatorial logic.
INFO:Xst:2169 - HDL ADVISOR - Some clock signals were not automatically buffered by XST with BUFG/BUFR resources. Please use the buffer_type constraint in order to insert these buffers to the clock signals to help prevent skew problems.

Asynchronous Control Signals Information:
----------------------------------------
-----------------------------------+------------------------+-------+
Control Signal                     | Buffer(FF name)        | Load  |
-----------------------------------+------------------------+-------+
rst(rst:Q)                         | NONE(Count1/out_0)     | 16    |
-----------------------------------+------------------------+-------+

Timing Summary:
---------------
Speed Grade: -4

   Minimum period: 3.788ns (Maximum Frequency: 263.992MHz)
   Minimum input arrival time before clock: No path found
   Maximum output required time after clock: 4.368ns
   Maximum combinational path delay: No path found

Timing Detail:
--------------
All values displayed in nanoseconds (ns)

=========================================================================
Timing constraint: Default period analysis for Clock 'C2'
  Clock period: 3.788ns (frequency: 263.992MHz)
  Total number of paths / destination ports: 36 / 8
-------------------------------------------------------------------------
Delay:               3.788ns (Levels of Logic = 8)
  Source:            Count2/out_1 (FF)
  Destination:       Count2/out_7 (FF)
  Source Clock:      C2 rising
  Destination Clock: C2 rising

  Data Path: Count2/out_1 to Count2/out_7
                                Gate     Net
    Cell:in->out      fanout   Delay   Delay  Logical Name (Net Name)
    ----------------------------------------  ------------
     FDCE:C->Q             2   0.591   0.622  Count2/out_1 (Count2/out_1)
     LUT1:I0->O            1   0.704   0.000  Count2/Mcount_out_cy<1>_rt (Count2/Mcount_out_cy<1>_rt)
     MUXCY:S->O            1   0.464   0.000  Count2/Mcount_out_cy<1> (Count2/Mcount_out_cy<1>)
     MUXCY:CI->O           1   0.059   0.000  Count2/Mcount_out_cy<2> (Count2/Mcount_out_cy<2>)
     MUXCY:CI->O           1   0.059   0.000  Count2/Mcount_out_cy<3> (Count2/Mcount_out_cy<3>)
     MUXCY:CI->O           1   0.059   0.000  Count2/Mcount_out_cy<4> (Count2/Mcount_out_cy<4>)
     MUXCY:CI->O           1   0.059   0.000  Count2/Mcount_out_cy<5> (Count2/Mcount_out_cy<5>)
     MUXCY:CI->O           0   0.059   0.000  Count2/Mcount_out_cy<6> (Count2/Mcount_out_cy<6>)
     XORCY:CI->O           1   0.804   0.000  Count2/Mcount_out_xor<7> (Result<7>)
     FDCE:D                    0.308          Count2/out_7
    ----------------------------------------
    Total                      3.788ns (3.166ns logic, 0.622ns route)
                                       (83.6% logic, 16.4% route)

=========================================================================
Timing constraint: Default period analysis for Clock 'C1'
  Clock period: 3.788ns (frequency: 263.992MHz)
  Total number of paths / destination ports: 36 / 8
-------------------------------------------------------------------------
Delay:               3.788ns (Levels of Logic = 8)
  Source:            Count1/out_1 (FF)
  Destination:       Count1/out_7 (FF)
  Source Clock:      C1 rising
  Destination Clock: C1 rising

  Data Path: Count1/out_1 to Count1/out_7
                                Gate     Net
    Cell:in->out      fanout   Delay   Delay  Logical Name (Net Name)
    ----------------------------------------  ------------
     FDCE:C->Q             2   0.591   0.622  Count1/out_1 (Count1/out_1)
     LUT1:I0->O            1   0.704   0.000  Count1/Mcount_out_cy<1>_rt (Count1/Mcount_out_cy<1>_rt)
     MUXCY:S->O            1   0.464   0.000  Count1/Mcount_out_cy<1> (Count1/Mcount_out_cy<1>)
     MUXCY:CI->O           1   0.059   0.000  Count1/Mcount_out_cy<2> (Count1/Mcount_out_cy<2>)
     MUXCY:CI->O           1   0.059   0.000  Count1/Mcount_out_cy<3> (Count1/Mcount_out_cy<3>)
     MUXCY:CI->O           1   0.059   0.000  Count1/Mcount_out_cy<4> (Count1/Mcount_out_cy<4>)
     MUXCY:CI->O           1   0.059   0.000  Count1/Mcount_out_cy<5> (Count1/Mcount_out_cy<5>)
     MUXCY:CI->O           0   0.059   0.000  Count1/Mcount_out_cy<6> (Count1/Mcount_out_cy<6>)
     XORCY:CI->O           1   0.804   0.000  Count1/Mcount_out_xor<7> (Result<7>1)
     FDCE:D                    0.308          Count1/out_7
    ----------------------------------------
    Total                      3.788ns (3.166ns logic, 0.622ns route)
                                       (83.6% logic, 16.4% route)

=========================================================================
Timing constraint: Default OFFSET OUT AFTER for Clock 'LD0_cmp_eq0000'
  Total number of paths / destination ports: 8 / 8
-------------------------------------------------------------------------
Offset:              4.368ns (Levels of Logic = 1)
  Source:            LD0 (LATCH)
  Destination:       LD0 (PAD)
  Source Clock:      LD0_cmp_eq0000 falling

  Data Path: LD0 to LD0
                                Gate     Net
    Cell:in->out      fanout   Delay   Delay  Logical Name (Net Name)
    ----------------------------------------  ------------
     LD:G->Q               1   0.676   0.420  LD0 (LD0_OBUF)
     OBUF:I->O                 3.272          LD0_OBUF (LD0)
    ----------------------------------------
    Total                      4.368ns (3.948ns logic, 0.420ns route)
                                       (90.4% logic, 9.6% route)

=========================================================================


Total REAL time to Xst completion: 9.00 secs
Total CPU time to Xst completion: 8.40 secs
 
--> 

Total memory usage is 285500 kilobytes

Number of errors   :    0 (   0 filtered)
Number of warnings :    8 (   0 filtered)
Number of infos    :    1 (   0 filtered)

