
****** PlanAhead v14.7 (64-bit)
  **** Build 321239 by xbuild on Fri Sep 27 19:29:51 MDT 2013
    ** Copyright 1986-1999, 2001-2013 Xilinx, Inc. All Rights Reserved.

INFO: [Common 17-78] Attempting to get a license: PlanAhead
INFO: [Common 17-290] Got license for PlanAhead
INFO: [Device 21-36] Loading parts and site information from C:/Xilinx/14.7/ISE_DS/PlanAhead/data/parts/arch.xml
Parsing RTL primitives file [C:/Xilinx/14.7/ISE_DS/PlanAhead/data/parts/xilinx/rtl/prims/rtl_prims.xml]
Finished parsing RTL primitives file [C:/Xilinx/14.7/ISE_DS/PlanAhead/data/parts/xilinx/rtl/prims/rtl_prims.xml]
start_gui
source {C:/Users/Saulo Mendes/Documents/Nova pasta/RingOsc/pa.fromNcd.tcl}
# create_project -name RingOsc -dir "C:/Users/Saulo Mendes/Documents/Nova pasta/RingOsc/planAhead_run_1" -part xc3s250etq144-4
# set srcset [get_property srcset [current_run -impl]]
# set_property design_mode GateLvl $srcset
# set_property edif_top_file "C:/Users/Saulo Mendes/Documents/Nova pasta/RingOsc/RingOscillator.ngc" [ get_property srcset [ current_run ] ]
# add_files -norecurse { {C:/Users/Saulo Mendes/Documents/Nova pasta/RingOsc} }
# set_property target_constrs_file "RingOscillator.ucf" [current_fileset -constrset]
Adding file 'C:/Users/Saulo Mendes/Documents/Nova pasta/RingOsc/RingOscillator.ucf' to fileset 'constrs_1'
# add_files [list {RingOscillator.ucf}] -fileset [get_property constrset [current_run]]
# link_design
Design is defaulting to srcset: sources_1
Design is defaulting to constrset: constrs_1
Design is defaulting to project part: xc3s250etq144-4
Release 14.7 - ngc2edif P.20131013 (nt64)
Copyright (c) 1995-2013 Xilinx, Inc.  All rights reserved.
Reading design RingOscillator.ngc ...
WARNING:NetListWriters:298 - No output is written to RingOscillator.xncf,
   ignored.
Processing design ...
   Preping design's networks ...
   Preping design's macros ...
  finished :Prep
Writing EDIF netlist file RingOscillator.edif ...
ngc2edif: Total memory usage is 77908 kilobytes

Parsing EDIF File [./planAhead_run_1/RingOsc.data/cache/RingOscillator_ngc_zx.edif]
Finished Parsing EDIF File [./planAhead_run_1/RingOsc.data/cache/RingOscillator_ngc_zx.edif]
INFO: [Designutils 20-910] Reading macro library C:/Xilinx/14.7/ISE_DS/PlanAhead/data\./parts/xilinx/spartan3e/spartan3e/hd_int_macros.edn
Parsing EDIF File [C:/Xilinx/14.7/ISE_DS/PlanAhead/data\./parts/xilinx/spartan3e/spartan3e/hd_int_macros.edn]
Finished Parsing EDIF File [C:/Xilinx/14.7/ISE_DS/PlanAhead/data\./parts/xilinx/spartan3e/spartan3e/hd_int_macros.edn]
Loading clock regions from C:/Xilinx/14.7/ISE_DS/PlanAhead/data\parts/xilinx/spartan3e/spartan3e/xc3s250e/ClockRegion.xml
Loading clock buffers from C:/Xilinx/14.7/ISE_DS/PlanAhead/data\parts/xilinx/spartan3e/spartan3e/xc3s250e/ClockBuffers.xml
Loading package from C:/Xilinx/14.7/ISE_DS/PlanAhead/data\parts/xilinx/spartan3e/spartan3e/xc3s250e/tq144/Package.xml
Loading io standards from C:/Xilinx/14.7/ISE_DS/PlanAhead/data\./parts/xilinx/spartan3e/IOStandards.xml
INFO: [Device 21-19] Loading pkg sso from C:/Xilinx/14.7/ISE_DS/PlanAhead/data\parts/xilinx/spartan3e/spartan3e/xc3s250e/tq144/SSORules.xml
Loading list of drcs for the architecture : C:/Xilinx/14.7/ISE_DS/PlanAhead/data\./parts/xilinx/spartan3e/spartan3e/drc.xml
INFO: [Timing 38-77] Reading timing library C:/Xilinx/14.7/ISE_DS/PlanAhead/data\parts/xilinx/spartan3e/spartan3e/spartan3e-4.lib.
INFO: [Timing 38-34] Done reading timing library C:/Xilinx/14.7/ISE_DS/PlanAhead/data\parts/xilinx/spartan3e/spartan3e/spartan3e-4.lib.
Parsing UCF File [C:/Users/Saulo Mendes/Documents/Nova pasta/RingOsc/RingOscillator.ucf]
Finished Parsing UCF File [C:/Users/Saulo Mendes/Documents/Nova pasta/RingOsc/RingOscillator.ucf]
INFO: [Project 1-111] Unisim Transformation Summary:
No Unisim elements were transformed.

Phase 0 | Netlist Checksum: 38b640fa
link_design: Time (s): elapsed = 00:00:14 . Memory (MB): peak = 553.609 ; gain = 123.227
# read_xdl -file "C:/Users/Saulo Mendes/Documents/Nova pasta/RingOsc/RingOscillator.ncd"
Release 14.7 - xdl P.20131013 (nt64)
Copyright (c) 1995-2013 Xilinx, Inc.  All rights reserved.

WARNING:XDL:213 - The resulting xdl output will not have LUT equation strings or RAM INIT strings.
Loading device for application Rf_Device from file '3s250e.nph' in environment C:\Xilinx\14.7\ISE_DS\ISE\.
   "RingOscillator" is an NCD, version 3.2, device xc3s250e, package tq144, speed -4
Successfully converted design 'C:\Users\Saulo Mendes\Documents\Nova pasta\RingOsc\RingOscillator.ncd' to 'C:\Users\Saulo Mendes\Documents\Nova pasta\RingOsc\RingOscillator.xdl'.
INFO: [Designutils 20-669] Parsing Placement File : C:/Users/Saulo Mendes/Documents/Nova pasta/RingOsc/RingOscillator.ncd
INFO: [Designutils 20-658] Finished Parsing Placement File : C:/Users/Saulo Mendes/Documents/Nova pasta/RingOsc/RingOscillator.ncd
INFO: [Designutils 20-671] Placed 4 instances
read_xdl: Time (s): elapsed = 00:00:07 . Memory (MB): peak = 556.480 ; gain = 2.871
# if {[catch {read_twx -name results_1 -file "C:/Users/Saulo Mendes/Documents/Nova pasta/RingOsc/RingOscillator.twx"} eInfo]} {
#    puts "WARNING: there was a problem importing \"C:/Users/Saulo Mendes/Documents/Nova pasta/RingOsc/RingOscillator.twx\": $eInfo"
# }
exit
ERROR: [Common 17-39] 'stop_gui' failed due to earlier errors.
INFO: [Common 17-206] Exiting PlanAhead at Wed Mar 15 17:55:21 2017...
INFO: [Common 17-83] Releasing license: PlanAhead
